<?xml version="1.0" encoding="UTF-8"?>
<!-- Generated by org.testng.reporters.JUnitReportReporter -->
<testsuite hostname="sourabhdh-w7" name="com.test.Admin" tests="1" failures="0" timestamp="18 Oct 2016 10:29:56 GMT" time="10.223" errors="0">
  <testcase name="Login" time="10.223" classname="com.test.Admin"/>
</testsuite> <!-- com.test.Admin -->
