<?xml version="1.0" encoding="UTF-8"?>
<!-- Generated by org.testng.reporters.JUnitReportReporter -->
<testsuite hostname="Gauravo-w8" name="com.test.PublicUser" tests="2" failures="0" timestamp="8 Nov 2016 09:39:55 GMT" time="61.234" errors="0">
  <testcase name="Login" time="5.487" classname="com.test.PublicUser"/>
  <testcase name="createNewIdea" time="55.747" classname="com.test.PublicUser"/>
</testsuite> <!-- com.test.PublicUser -->
